app/build/intermediates/manifest_merge_blame_file/debug/manifest-merger-blame-debug-report.txt
1<?xml version="1.0" encoding="utf-8"?>
2<manifest xmlns:android="http://schemas.android.com/apk/res/android"
3    package="com.example.biharinnovation1"
4    android:versionCode="1"
5    android:versionName="1.0" >
6
7    <uses-sdk
8        android:minSdkVersion="21"
8-->src\main\AndroidManifest.xml
9        android:targetSdkVersion="30" />
9-->src\main\AndroidManifest.xml
10
11    <uses-permission android:name="android.permission.INTERNET" />
11-->src\main\AndroidManifest.xml:5:5-66
11-->src\main\AndroidManifest.xml:5:22-64
12    <uses-permission android:name="android.permission.ACCESS_NETWORK_STATE" />
12-->src\main\AndroidManifest.xml:6:5-78
12-->src\main\AndroidManifest.xml:6:22-76
13
14    <application
14-->src\main\AndroidManifest.xml:8:5-32:19
15        android:allowBackup="true"
15-->src\main\AndroidManifest.xml:9:9-35
16        android:appComponentFactory="androidx.core.app.CoreComponentFactory"
16-->[androidx.core:core:1.3.2] AndroidManifest.xml:24:18-86
17        android:debuggable="true"
18        android:icon="@mipmap/ic_launcher"
18-->src\main\AndroidManifest.xml:10:9-43
19        android:label="@string/app_name"
19-->src\main\AndroidManifest.xml:11:9-41
20        android:roundIcon="@mipmap/ic_launcher_round"
20-->src\main\AndroidManifest.xml:12:9-54
21        android:supportsRtl="true"
21-->src\main\AndroidManifest.xml:13:9-35
22        android:testOnly="true"
23        android:theme="@style/Theme.BiharInnovation1" >
23-->src\main\AndroidManifest.xml:14:9-54
24        <activity
24-->src\main\AndroidManifest.xml:15:9-18:55
25            android:name="com.example.biharinnovation1.MainActivity"
25-->src\main\AndroidManifest.xml:16:13-41
26            android:exported="true"
26-->src\main\AndroidManifest.xml:17:13-36
27            android:theme="@style/Theme.NoActionBar" />
27-->src\main\AndroidManifest.xml:18:13-53
28        <activity
28-->src\main\AndroidManifest.xml:19:9-27:20
29            android:name="com.example.biharinnovation1.SplashScreen"
29-->src\main\AndroidManifest.xml:20:13-41
30            android:exported="true" >
30-->src\main\AndroidManifest.xml:21:13-36
31            <intent-filter>
31-->src\main\AndroidManifest.xml:22:13-26:29
32                <action android:name="android.intent.action.MAIN" />
32-->src\main\AndroidManifest.xml:23:17-69
32-->src\main\AndroidManifest.xml:23:25-66
33
34                <category android:name="android.intent.category.LAUNCHER" />
34-->src\main\AndroidManifest.xml:25:17-77
34-->src\main\AndroidManifest.xml:25:27-74
35            </intent-filter>
36        </activity>
37
38        <meta-data
38-->src\main\AndroidManifest.xml:29:9-31:57
39            android:name="preloaded_fonts"
39-->src\main\AndroidManifest.xml:30:13-43
40            android:resource="@array/preloaded_fonts" />
40-->src\main\AndroidManifest.xml:31:13-54
41    </application>
42
43</manifest>